 The initial damping parameter lambda is  1.0E+02
 The initial line search step size (in model units) is    20.000000
    START: f=1.517145E+02 m2=0.000000E+00 rms=  12.317245 lambda=1.000000E+02 alpha=2.000000E+01
 The initial norm of the gradient is 1.089037E+00
 The initial value of alpha updated to 1.836484E+01
Starting line search...
  STARTLS: f=1.311971E+02 m2=1.556396E-03 rms=  11.447335 lambda=1.000000E+02 alpha=1.836484E+01
   QUADLS: f=5.574179E+01 m2=1.156528E-01 rms=   6.646541 lambda=1.000000E+02 alpha=1.583089E+02
Sufficient decrease condition satisfied, exiting line search
Completed NLCG iteration     1
     with: f=5.574179E+01 m2=1.156528E-01 rms=   6.646541 lambda=1.000000E+02 alpha=1.634608E+02
Starting line search...
  STARTLS: f=5.035761E+01 m2=1.301539E-01 rms=   6.110828 lambda=1.000000E+02 alpha=1.634608E+02
   QUADLS: f=4.524643E+01 m2=1.831796E-01 rms=   5.189264 lambda=1.000000E+02 alpha=5.034020E+02
Sufficient decrease condition satisfied, exiting line search
Completed NLCG iteration     2
     with: f=4.524643E+01 m2=1.831796E-01 rms=   5.189264 lambda=1.000000E+02 alpha=5.391412E+02
Starting line search...
  STARTLS: f=4.386146E+01 m2=2.648392E-01 rms=   4.168637 lambda=1.000000E+02 alpha=5.391412E+02
   QUADLS: f=4.328156E+01 m2=2.324418E-01 rms=   4.476314 lambda=1.000000E+02 alpha=3.453446E+02
Sufficient decrease condition satisfied, exiting line search
Completed NLCG iteration     3
     with: f=4.328156E+01 m2=2.324418E-01 rms=   4.476314 lambda=1.000000E+02 alpha=3.390112E+02
Starting line search...
  STARTLS: f=4.283658E+01 m2=2.353345E-01 rms=   4.393533 lambda=1.000000E+02 alpha=3.390112E+02
   QUADLS: f=4.239386E+01 m2=2.489565E-01 rms=   4.183086 lambda=1.000000E+02 alpha=1.167950E+03
Sufficient decrease condition satisfied, exiting line search
Completed NLCG iteration     4
     with: f=4.239386E+01 m2=2.489565E-01 rms=   4.183086 lambda=1.000000E+02 alpha=1.167863E+03
Starting line search...
  STARTLS: f=4.226776E+01 m2=2.350598E-01 rms=   4.331487 lambda=1.000000E+02 alpha=1.167863E+03
   QUADLS: f=4.222626E+01 m2=2.389298E-01 rms=   4.281738 lambda=1.000000E+02 alpha=7.984188E+02
Sufficient decrease condition satisfied, exiting line search
Completed NLCG iteration     5
     with: f=4.222626E+01 m2=2.389298E-01 rms=   4.281738 lambda=1.000000E+02 alpha=8.423156E+02
Starting line search...
  STARTLS: f=4.209401E+01 m2=2.481921E-01 rms=   4.156296 lambda=1.000000E+02 alpha=8.423156E+02
   QUADLS: f=4.209497E+01 m2=2.475696E-01 rms=   4.163894 lambda=1.000000E+02 alpha=7.949405E+02
Sufficient decrease condition satisfied, exiting line search
Completed NLCG iteration     6
     with: f=4.209401E+01 m2=2.481921E-01 rms=   4.156296 lambda=1.000000E+02 alpha=8.000384E+02
Starting line search...
  STARTLS: f=4.195712E+01 m2=2.503130E-01 rms=   4.114100 lambda=1.000000E+02 alpha=8.000384E+02
   QUADLS: f=4.193949E+01 m2=2.531096E-01 rms=   4.077810 lambda=1.000000E+02 alpha=1.314948E+03
Sufficient decrease condition satisfied, exiting line search
Completed NLCG iteration     7
     with: f=4.193949E+01 m2=2.531096E-01 rms=   4.077810 lambda=1.000000E+02 alpha=1.269283E+03
Starting line search...
  STARTLS: f=4.188590E+01 m2=2.535157E-01 rms=   4.066243 lambda=1.000000E+02 alpha=1.269283E+03
   QUADLS: f=4.182377E+01 m2=2.514508E-01 rms=   4.083956 lambda=1.000000E+02 alpha=7.315804E+02
Sufficient decrease condition satisfied, exiting line search
Completed NLCG iteration     8
     with: f=4.182377E+01 m2=2.514508E-01 rms=   4.083956 lambda=1.000000E+02 alpha=7.335780E+02
Starting line search...
  STARTLS: f=4.176342E+01 m2=2.533297E-01 rms=   4.053450 lambda=1.000000E+02 alpha=7.335780E+02
   QUADLS: f=4.176350E+01 m2=2.534470E-01 rms=   4.052012 lambda=1.000000E+02 alpha=7.709768E+02
Sufficient decrease condition satisfied, exiting line search
Completed NLCG iteration     9
     with: f=4.176342E+01 m2=2.533297E-01 rms=   4.053450 lambda=1.000000E+02 alpha=7.768543E+02
     Restarting NLCG to restore orthogonality
Starting line search...
  STARTLS: f=4.175491E+01 m2=2.482773E-01 rms=   4.114266 lambda=1.000000E+02 alpha=7.768543E+02
   QUADLS: f=4.174920E+01 m2=2.502373E-01 rms=   4.089678 lambda=1.000000E+02 alpha=4.700381E+02
Sufficient decrease condition satisfied, exiting line search
Completed NLCG iteration    10
     with: f=4.174920E+01 m2=2.502373E-01 rms=   4.089678 lambda=1.000000E+02 alpha=4.555462E+02
Starting line search...
  STARTLS: f=4.173659E+01 m2=2.512830E-01 rms=   4.075326 lambda=1.000000E+02 alpha=4.555462E+02
   QUADLS: f=4.175594E+01 m2=2.558454E-01 rms=   4.021367 lambda=1.000000E+02 alpha=2.166896E+03
Unable to fit a quadratic due to bad gradient estimate, exiting line search
Gradient computed, line search finished
Completed NLCG iteration    11
     with: f=4.173659E+01 m2=2.512830E-01 rms=   4.075326 lambda=1.000000E+02 alpha=8.234762E+02
Starting line search...
  STARTLS: f=4.173202E+01 m2=2.516747E-01 rms=   4.069957 lambda=1.000000E+02 alpha=8.234762E+02
   QUADLS: f=4.173215E+01 m2=2.517830E-01 rms=   4.068642 lambda=1.000000E+02 alpha=1.036643E+03
Sufficient decrease condition satisfied, exiting line search
Completed NLCG iteration    12
     with: f=4.173202E+01 m2=2.516747E-01 rms=   4.069957 lambda=1.000000E+02 alpha=1.002737E+03
Starting line search...
  STARTLS: f=4.172838E+01 m2=2.504633E-01 rms=   4.084366 lambda=1.000000E+02 alpha=1.002737E+03
   QUADLS: f=4.172867E+01 m2=2.506865E-01 rms=   4.081670 lambda=1.000000E+02 alpha=8.113864E+02
Sufficient decrease condition satisfied, exiting line search
Completed NLCG iteration    13
     with: f=4.172838E+01 m2=2.504633E-01 rms=   4.084366 lambda=1.000000E+02 alpha=7.739224E+02
Starting line search...
  STARTLS: f=4.172616E+01 m2=2.517142E-01 rms=   4.068752 lambda=1.000000E+02 alpha=7.739224E+02
   QUADLS: f=4.172640E+01 m2=2.518640E-01 rms=   4.066939 lambda=1.000000E+02 alpha=8.648529E+02
Sufficient decrease condition satisfied, exiting line search
Completed NLCG iteration    14
     with: f=4.172616E+01 m2=2.517142E-01 rms=   4.068752 lambda=1.000000E+02 alpha=8.638454E+02
Starting line search...
  STARTLS: f=4.172680E+01 m2=2.519502E-01 rms=   4.065929 lambda=1.000000E+02 alpha=8.638454E+02
   QUADLS: f=4.172600E+01 m2=2.517488E-01 rms=   4.068306 lambda=1.000000E+02 alpha=1.732439E+02
Sufficient decrease condition satisfied, exiting line search
Completed NLCG iteration    15
     with: f=4.172600E+01 m2=2.517488E-01 rms=   4.068306 lambda=1.000000E+02 alpha=6.462130E+02
 The norm of the last gradient is 1.766381E-01
 The value of line search step alpha updated to 5.661293E+00
     Restarting NLCG with the damping parameter updated
       to: f=1.906861E+01 m2=2.517488E-01 rms=   4.068306 lambda=1.000000E+01 alpha=5.661293E+00
Starting line search...
  STARTLS: f=1.889135E+01 m2=2.537320E-01 rms=   4.044011 lambda=1.000000E+01 alpha=5.661293E+00
Quadratic has no minimum, exiting line search
Completed NLCG iteration    16
     with: f=1.889135E+01 m2=2.537320E-01 rms=   4.044011 lambda=1.000000E+01 alpha=1.147582E+01
Starting line search...
  STARTLS: f=1.855157E+01 m2=2.576609E-01 rms=   3.996869 lambda=1.000000E+01 alpha=1.147582E+01
   QUADLS: f=1.281785E+01 m2=5.090571E-01 rms=   2.779798 lambda=1.000000E+01 alpha=6.196175E+02
Sufficient decrease condition satisfied, exiting line search
Completed NLCG iteration    17
     with: f=1.281785E+01 m2=5.090571E-01 rms=   2.779798 lambda=1.000000E+01 alpha=4.105229E+02
Starting line search...
  STARTLS: f=1.219450E+01 m2=5.466143E-01 rms=   2.593908 lambda=1.000000E+01 alpha=4.105229E+02
   QUADLS: f=1.213730E+01 m2=5.629898E-01 rms=   2.550960 lambda=1.000000E+01 alpha=5.716126E+02
Sufficient decrease condition satisfied, exiting line search
Completed NLCG iteration    18
     with: f=1.213730E+01 m2=5.629898E-01 rms=   2.550960 lambda=1.000000E+01 alpha=5.802511E+02
Starting line search...
  STARTLS: f=1.083131E+01 m2=4.800379E-01 rms=   2.455796 lambda=1.000000E+01 alpha=5.802511E+02
   QUADLS: f=1.083227E+01 m2=4.754503E-01 rms=   2.465312 lambda=1.000000E+01 alpha=6.148102E+02
Sufficient decrease condition satisfied, exiting line search
Completed NLCG iteration    19
     with: f=1.083131E+01 m2=4.800379E-01 rms=   2.455796 lambda=1.000000E+01 alpha=6.189963E+02
Starting line search...
  STARTLS: f=1.049596E+01 m2=4.810648E-01 rms=   2.384389 lambda=1.000000E+01 alpha=6.189963E+02
   QUADLS: f=1.029331E+01 m2=4.883241E-01 rms=   2.325955 lambda=1.000000E+01 alpha=1.714687E+03
Sufficient decrease condition satisfied, exiting line search
Completed NLCG iteration    20
     with: f=1.029331E+01 m2=4.883241E-01 rms=   2.325955 lambda=1.000000E+01 alpha=1.643874E+03
Starting line search...
  STARTLS: f=9.645632E+00 m2=5.794134E-01 rms=   1.962523 lambda=1.000000E+01 alpha=1.643874E+03
   QUADLS: f=9.642847E+00 m2=5.911487E-01 rms=   1.931673 lambda=1.000000E+01 alpha=1.814191E+03
Sufficient decrease condition satisfied, exiting line search
Completed NLCG iteration    21
     with: f=9.642847E+00 m2=5.911487E-01 rms=   1.931673 lambda=1.000000E+01 alpha=1.823992E+03
Starting line search...
  STARTLS: f=9.776324E+00 m2=6.114012E-01 rms=   1.913717 lambda=1.000000E+01 alpha=1.823992E+03
   QUADLS: f=9.572219E+00 m2=5.979090E-01 rms=   1.895555 lambda=1.000000E+01 alpha=6.752361E+02
Sufficient decrease condition satisfied, exiting line search
Completed NLCG iteration    22
     with: f=9.572219E+00 m2=5.979090E-01 rms=   1.895555 lambda=1.000000E+01 alpha=6.835958E+02
Starting line search...
  STARTLS: f=9.537028E+00 m2=5.990711E-01 rms=   1.883167 lambda=1.000000E+01 alpha=6.835958E+02
   QUADLS: f=9.516801E+00 m2=6.014955E-01 rms=   1.871322 lambda=1.000000E+01 alpha=1.750181E+03
Sufficient decrease condition satisfied, exiting line search
Completed NLCG iteration    23
     with: f=9.516801E+00 m2=6.014955E-01 rms=   1.871322 lambda=1.000000E+01 alpha=1.749870E+03
Starting line search...
  STARTLS: f=9.482340E+00 m2=5.938820E-01 rms=   1.882424 lambda=1.000000E+01 alpha=1.749870E+03
   QUADLS: f=9.474520E+00 m2=5.957725E-01 rms=   1.875312 lambda=1.000000E+01 alpha=1.217174E+03
Sufficient decrease condition satisfied, exiting line search
Completed NLCG iteration    24
     with: f=9.474520E+00 m2=5.957725E-01 rms=   1.875312 lambda=1.000000E+01 alpha=1.219415E+03
     Restarting NLCG to restore orthogonality
Starting line search...
  STARTLS: f=9.462524E+00 m2=5.962873E-01 rms=   1.870735 lambda=1.000000E+01 alpha=1.219415E+03
   QUADLS: f=9.459359E+00 m2=5.960830E-01 rms=   1.870436 lambda=1.000000E+01 alpha=8.405493E+02
Sufficient decrease condition satisfied, exiting line search
Completed NLCG iteration    25
     with: f=9.459359E+00 m2=5.960830E-01 rms=   1.870436 lambda=1.000000E+01 alpha=8.549401E+02
Starting line search...
  STARTLS: f=9.444382E+00 m2=5.973285E-01 rms=   1.863088 lambda=1.000000E+01 alpha=8.549401E+02
   QUADLS: f=9.441791E+00 m2=5.984917E-01 rms=   1.859267 lambda=1.000000E+01 alpha=1.537859E+03
Sufficient decrease condition satisfied, exiting line search
Completed NLCG iteration    26
     with: f=9.441791E+00 m2=5.984917E-01 rms=   1.859267 lambda=1.000000E+01 alpha=1.462676E+03
Starting line search...
  STARTLS: f=9.428091E+00 m2=5.991326E-01 rms=   1.853851 lambda=1.000000E+01 alpha=1.462676E+03
   QUADLS: f=9.427560E+00 m2=5.992219E-01 rms=   1.853467 lambda=1.000000E+01 alpha=1.583757E+03
Sufficient decrease condition satisfied, exiting line search
Completed NLCG iteration    27
     with: f=9.427560E+00 m2=5.992219E-01 rms=   1.853467 lambda=1.000000E+01 alpha=1.651901E+03
Starting line search...
  STARTLS: f=9.405339E+00 m2=5.989860E-01 rms=   1.848102 lambda=1.000000E+01 alpha=1.651901E+03
   QUADLS: f=9.405380E+00 m2=5.989972E-01 rms=   1.848082 lambda=1.000000E+01 alpha=1.690084E+03
Sufficient decrease condition satisfied, exiting line search
Completed NLCG iteration    28
     with: f=9.405339E+00 m2=5.989860E-01 rms=   1.848102 lambda=1.000000E+01 alpha=1.706113E+03
Starting line search...
  STARTLS: f=9.393987E+00 m2=6.012824E-01 rms=   1.838794 lambda=1.000000E+01 alpha=1.706113E+03
   QUADLS: f=9.391138E+00 m2=6.002394E-01 rms=   1.840854 lambda=1.000000E+01 alpha=1.161837E+03
Sufficient decrease condition satisfied, exiting line search
Completed NLCG iteration    29
     with: f=9.391138E+00 m2=6.002394E-01 rms=   1.840854 lambda=1.000000E+01 alpha=1.145809E+03
Starting line search...
  STARTLS: f=9.380321E+00 m2=6.024025E-01 rms=   1.832020 lambda=1.000000E+01 alpha=1.145809E+03
   QUADLS: f=9.379260E+00 m2=6.035251E-01 rms=   1.828663 lambda=1.000000E+01 alpha=1.646637E+03
Sufficient decrease condition satisfied, exiting line search
Completed NLCG iteration    30
     with: f=9.379260E+00 m2=6.035251E-01 rms=   1.828663 lambda=1.000000E+01 alpha=1.657321E+03
Starting line search...
  STARTLS: f=9.379121E+00 m2=6.031205E-01 rms=   1.829731 lambda=1.000000E+01 alpha=1.657321E+03
   QUADLS: f=9.371465E+00 m2=6.030884E-01 rms=   1.827726 lambda=1.000000E+01 alpha=8.330693E+02
Sufficient decrease condition satisfied, exiting line search
Completed NLCG iteration    31
     with: f=9.371465E+00 m2=6.030884E-01 rms=   1.827726 lambda=1.000000E+01 alpha=9.921159E+02
 The norm of the last gradient is 2.850008E-02
 The value of line search step alpha updated to 3.508762E+01
     Restarting NLCG with the damping parameter updated
       to: f=3.943670E+00 m2=6.030884E-01 rms=   1.827726 lambda=1.000000E+00 alpha=3.508762E+01
Starting line search...
  STARTLS: f=3.916536E+00 m2=6.061443E-01 rms=   1.819448 lambda=1.000000E+00 alpha=3.508762E+01
   QUADLS: f=3.734192E+00 m2=6.353493E-01 rms=   1.760353 lambda=1.000000E+00 alpha=3.660191E+02
Sufficient decrease condition satisfied, exiting line search
Completed NLCG iteration    32
     with: f=3.734192E+00 m2=6.353493E-01 rms=   1.760353 lambda=1.000000E+00 alpha=5.209501E+02
Starting line search...
  STARTLS: f=3.636643E+00 m2=6.498525E-01 rms=   1.728233 lambda=1.000000E+00 alpha=5.209501E+02
   QUADLS: f=3.437978E+00 m2=7.222449E-01 rms=   1.647948 lambda=1.000000E+00 alpha=2.946652E+03
Sufficient decrease condition satisfied, exiting line search
Completed NLCG iteration    33
     with: f=3.437978E+00 m2=7.222449E-01 rms=   1.647948 lambda=1.000000E+00 alpha=2.912971E+03
Starting line search...
  STARTLS: f=3.572038E+00 m2=9.414300E-01 rms=   1.621915 lambda=1.000000E+00 alpha=2.912971E+03
   QUADLS: f=3.141825E+00 m2=8.129592E-01 rms=   1.526062 lambda=1.000000E+00 alpha=1.324889E+03
Sufficient decrease condition satisfied, exiting line search
Completed NLCG iteration    34
     with: f=3.141825E+00 m2=8.129592E-01 rms=   1.526062 lambda=1.000000E+00 alpha=1.291140E+03
Starting line search...
  STARTLS: f=2.968424E+00 m2=8.878415E-01 rms=   1.442422 lambda=1.000000E+00 alpha=1.291140E+03
   QUADLS: f=2.922905E+00 m2=8.616614E-01 rms=   1.435703 lambda=1.000000E+00 alpha=8.876692E+02
Sufficient decrease condition satisfied, exiting line search
Completed NLCG iteration    35
     with: f=2.922905E+00 m2=8.616614E-01 rms=   1.435703 lambda=1.000000E+00 alpha=8.980498E+02
Starting line search...
  STARTLS: f=2.836901E+00 m2=8.912437E-01 rms=   1.394868 lambda=1.000000E+00 alpha=8.980498E+02
   QUADLS: f=2.827351E+00 m2=9.048718E-01 rms=   1.386535 lambda=1.000000E+00 alpha=1.294713E+03
Sufficient decrease condition satisfied, exiting line search
Completed NLCG iteration    36
     with: f=2.827351E+00 m2=9.048718E-01 rms=   1.386535 lambda=1.000000E+00 alpha=1.316500E+03
Starting line search...
  STARTLS: f=2.796423E+00 m2=9.578667E-01 rms=   1.355934 lambda=1.000000E+00 alpha=1.316500E+03
   QUADLS: f=2.775852E+00 m2=9.367397E-01 rms=   1.356139 lambda=1.000000E+00 alpha=8.053453E+02
Sufficient decrease condition satisfied, exiting line search
Completed NLCG iteration    37
     with: f=2.775852E+00 m2=9.367397E-01 rms=   1.356139 lambda=1.000000E+00 alpha=8.087781E+02
Starting line search...
  STARTLS: f=2.730149E+00 m2=9.456349E-01 rms=   1.335857 lambda=1.000000E+00 alpha=8.087781E+02
   QUADLS: f=2.719725E+00 m2=9.536711E-01 rms=   1.328930 lambda=1.000000E+00 alpha=1.465706E+03
Sufficient decrease condition satisfied, exiting line search
Completed NLCG iteration    38
     with: f=2.719725E+00 m2=9.536711E-01 rms=   1.328930 lambda=1.000000E+00 alpha=1.452794E+03
Starting line search...
  STARTLS: f=2.689488E+00 m2=9.820476E-01 rms=   1.306691 lambda=1.000000E+00 alpha=1.452794E+03
   QUADLS: f=2.685928E+00 m2=9.754575E-01 rms=   1.307850 lambda=1.000000E+00 alpha=1.129166E+03
Sufficient decrease condition satisfied, exiting line search
Completed NLCG iteration    39
     with: f=2.685928E+00 m2=9.754575E-01 rms=   1.307850 lambda=1.000000E+00 alpha=1.169999E+03
Starting line search...
  STARTLS: f=2.657041E+00 m2=1.014345E+00 rms=   1.281677 lambda=1.000000E+00 alpha=1.169999E+03
   QUADLS: f=2.656892E+00 m2=1.008258E+00 rms=   1.283992 lambda=1.000000E+00 alpha=9.922104E+02
Sufficient decrease condition satisfied, exiting line search
Completed NLCG iteration    40
     with: f=2.656892E+00 m2=1.008258E+00 rms=   1.283992 lambda=1.000000E+00 alpha=9.749432E+02
     Restarting NLCG to restore orthogonality
Starting line search...
  STARTLS: f=2.644405E+00 m2=1.001358E+00 rms=   1.281814 lambda=1.000000E+00 alpha=9.749432E+02
   QUADLS: f=2.643813E+00 m2=1.003012E+00 rms=   1.280938 lambda=1.000000E+00 alpha=7.375873E+02
Sufficient decrease condition satisfied, exiting line search
Completed NLCG iteration    41
     with: f=2.643813E+00 m2=1.003012E+00 rms=   1.280938 lambda=1.000000E+00 alpha=6.994825E+02
Starting line search...
  STARTLS: f=2.635380E+00 m2=1.004922E+00 rms=   1.276894 lambda=1.000000E+00 alpha=6.994825E+02
   QUADLS: f=2.632254E+00 m2=1.006610E+00 rms=   1.275007 lambda=1.000000E+00 alpha=1.289044E+03
Sufficient decrease condition satisfied, exiting line search
Completed NLCG iteration    42
     with: f=2.632254E+00 m2=1.006610E+00 rms=   1.275007 lambda=1.000000E+00 alpha=1.411232E+03
Starting line search...
  STARTLS: f=2.617059E+00 m2=1.013172E+00 rms=   1.266447 lambda=1.000000E+00 alpha=1.411232E+03
   QUADLS: f=2.617076E+00 m2=1.013233E+00 rms=   1.266429 lambda=1.000000E+00 alpha=1.423710E+03
Sufficient decrease condition satisfied, exiting line search
Completed NLCG iteration    43
     with: f=2.617059E+00 m2=1.013172E+00 rms=   1.266447 lambda=1.000000E+00 alpha=1.437837E+03
Starting line search...
  STARTLS: f=2.601135E+00 m2=1.020703E+00 rms=   1.257152 lambda=1.000000E+00 alpha=1.437837E+03
   QUADLS: f=2.599521E+00 m2=1.024768E+00 rms=   1.254891 lambda=1.000000E+00 alpha=2.130668E+03
Sufficient decrease condition satisfied, exiting line search
Completed NLCG iteration    44
     with: f=2.599521E+00 m2=1.024768E+00 rms=   1.254891 lambda=1.000000E+00 alpha=2.119515E+03
Starting line search...
  STARTLS: f=2.586639E+00 m2=1.037613E+00 rms=   1.244599 lambda=1.000000E+00 alpha=2.119515E+03
   QUADLS: f=2.578820E+00 m2=1.032055E+00 rms=   1.243690 lambda=1.000000E+00 alpha=1.319758E+03
Sufficient decrease condition satisfied, exiting line search
Completed NLCG iteration    45
     with: f=2.578820E+00 m2=1.032055E+00 rms=   1.243690 lambda=1.000000E+00 alpha=1.355441E+03
Starting line search...
  STARTLS: f=2.557882E+00 m2=1.041274E+00 rms=   1.231507 lambda=1.000000E+00 alpha=1.355441E+03
   QUADLS: f=2.556615E+00 m2=1.044696E+00 rms=   1.229601 lambda=1.000000E+00 alpha=1.805708E+03
Sufficient decrease condition satisfied, exiting line search
Completed NLCG iteration    46
     with: f=2.556615E+00 m2=1.044696E+00 rms=   1.229601 lambda=1.000000E+00 alpha=1.813859E+03
Starting line search...
  STARTLS: f=2.538619E+00 m2=1.071452E+00 rms=   1.211267 lambda=1.000000E+00 alpha=1.813859E+03
   QUADLS: f=2.534707E+00 m2=1.062835E+00 rms=   1.213207 lambda=1.000000E+00 alpha=1.273723E+03
Sufficient decrease condition satisfied, exiting line search
Completed NLCG iteration    47
     with: f=2.534707E+00 m2=1.062835E+00 rms=   1.213207 lambda=1.000000E+00 alpha=1.284464E+03
Starting line search...
  STARTLS: f=2.523848E+00 m2=1.073247E+00 rms=   1.204409 lambda=1.000000E+00 alpha=1.284464E+03
   QUADLS: f=2.523914E+00 m2=1.072021E+00 rms=   1.204945 lambda=1.000000E+00 alpha=1.142243E+03
Sufficient decrease condition satisfied, exiting line search
Completed NLCG iteration    48
     with: f=2.523848E+00 m2=1.073247E+00 rms=   1.204409 lambda=1.000000E+00 alpha=1.135780E+03
Starting line search...
  STARTLS: f=2.512178E+00 m2=1.096072E+00 rms=   1.190002 lambda=1.000000E+00 alpha=1.135780E+03
   QUADLS: f=2.511501E+00 m2=1.099053E+00 rms=   1.188464 lambda=1.000000E+00 alpha=1.275671E+03
Sufficient decrease condition satisfied, exiting line search
Completed NLCG iteration    49
     with: f=2.511501E+00 m2=1.099053E+00 rms=   1.188464 lambda=1.000000E+00 alpha=1.346797E+03
     Restarting NLCG to restore orthogonality
Starting line search...
  STARTLS: f=2.509090E+00 m2=1.107453E+00 rms=   1.183908 lambda=1.000000E+00 alpha=1.346797E+03
   QUADLS: f=2.503219E+00 m2=1.103567E+00 rms=   1.183069 lambda=1.000000E+00 alpha=7.301595E+02
Sufficient decrease condition satisfied, exiting line search
Completed NLCG iteration    50
     with: f=2.503219E+00 m2=1.103567E+00 rms=   1.183069 lambda=1.000000E+00 alpha=7.265936E+02
Starting line search...
  STARTLS: f=2.499711E+00 m2=1.105906E+00 rms=   1.180595 lambda=1.000000E+00 alpha=7.265936E+02
   QUADLS: f=2.498379E+00 m2=1.107220E+00 rms=   1.179474 lambda=1.000000E+00 alpha=1.129420E+03
Sufficient decrease condition satisfied, exiting line search
Completed NLCG iteration    51
     with: f=2.498379E+00 m2=1.107220E+00 rms=   1.179474 lambda=1.000000E+00 alpha=1.373742E+03
Starting line search...
  STARTLS: f=2.493316E+00 m2=1.110227E+00 rms=   1.176048 lambda=1.000000E+00 alpha=1.373742E+03
   QUADLS: f=2.493504E+00 m2=1.110814E+00 rms=   1.175878 lambda=1.000000E+00 alpha=1.635216E+03
Sufficient decrease condition satisfied, exiting line search
Completed NLCG iteration    52
     with: f=2.493316E+00 m2=1.110227E+00 rms=   1.176048 lambda=1.000000E+00 alpha=1.609340E+03
Starting line search...
  STARTLS: f=2.488512E+00 m2=1.116330E+00 rms=   1.171402 lambda=1.000000E+00 alpha=1.609340E+03
   QUADLS: f=2.488516E+00 m2=1.116382E+00 rms=   1.171381 lambda=1.000000E+00 alpha=1.622520E+03
Sufficient decrease condition satisfied, exiting line search
Completed NLCG iteration    53
     with: f=2.488512E+00 m2=1.116330E+00 rms=   1.171402 lambda=1.000000E+00 alpha=1.638637E+03
Starting line search...
  STARTLS: f=2.485004E+00 m2=1.126726E+00 rms=   1.165452 lambda=1.000000E+00 alpha=1.638637E+03
   QUADLS: f=2.484201E+00 m2=1.123480E+00 rms=   1.166499 lambda=1.000000E+00 alpha=1.136247E+03
Sufficient decrease condition satisfied, exiting line search
Completed NLCG iteration    54
     with: f=2.484201E+00 m2=1.123480E+00 rms=   1.166499 lambda=1.000000E+00 alpha=1.134500E+03
Starting line search...
  STARTLS: f=2.479785E+00 m2=1.125675E+00 rms=   1.163662 lambda=1.000000E+00 alpha=1.134500E+03
   QUADLS: f=2.479381E+00 m2=1.128115E+00 rms=   1.162440 lambda=1.000000E+00 alpha=2.320970E+03
Sufficient decrease condition satisfied, exiting line search
Completed NLCG iteration    55
     with: f=2.479381E+00 m2=1.128115E+00 rms=   1.162440 lambda=1.000000E+00 alpha=1.889827E+03
Starting line search...
  STARTLS: f=2.480067E+00 m2=1.131545E+00 rms=   1.161259 lambda=1.000000E+00 alpha=1.889827E+03
   QUADLS: f=2.475434E+00 m2=1.129463E+00 rms=   1.160160 lambda=1.000000E+00 alpha=9.056687E+02
Sufficient decrease condition satisfied, exiting line search
Completed NLCG iteration    56
     with: f=2.475434E+00 m2=1.129463E+00 rms=   1.160160 lambda=1.000000E+00 alpha=9.525975E+02
Starting line search...
  STARTLS: f=2.471987E+00 m2=1.129390E+00 rms=   1.158705 lambda=1.000000E+00 alpha=9.525975E+02
   QUADLS: f=2.471964E+00 m2=1.129391E+00 rms=   1.158694 lambda=1.000000E+00 alpha=9.249660E+02
Sufficient decrease condition satisfied, exiting line search
Completed NLCG iteration    57
     with: f=2.471964E+00 m2=1.129391E+00 rms=   1.158694 lambda=1.000000E+00 alpha=9.397475E+02
 The norm of the last gradient is 4.132541E-03
 The value of line search step alpha updated to 2.419819E+02
     Restarting NLCG with the damping parameter updated
       to: f=1.455512E+00 m2=1.129391E+00 rms=   1.158694 lambda=1.000000E-01 alpha=2.419819E+02
Starting line search...
  STARTLS: f=1.452323E+00 m2=1.133196E+00 rms=   1.157153 lambda=1.000000E-01 alpha=2.419819E+02
   QUADLS: f=1.449272E+00 m2=1.137729E+00 rms=   1.155638 lambda=1.000000E-01 alpha=5.296697E+02
Sufficient decrease condition satisfied, exiting line search
Completed NLCG iteration    58
     with: f=1.449272E+00 m2=1.137729E+00 rms=   1.155638 lambda=1.000000E-01 alpha=7.381115E+02
Starting line search...
  STARTLS: f=1.443261E+00 m2=1.143721E+00 rms=   1.152775 lambda=1.000000E-01 alpha=7.381115E+02
   QUADLS: f=1.438531E+00 m2=1.193997E+00 rms=   1.148534 lambda=1.000000E-01 alpha=6.760962E+03
Sufficient decrease condition satisfied, exiting line search
Completed NLCG iteration    59
     with: f=1.438531E+00 m2=1.193997E+00 rms=   1.148534 lambda=1.000000E-01 alpha=2.519117E+03
Starting line search...
  STARTLS: f=1.990550E+00 m2=1.624011E+00 rms=   1.352091 lambda=1.000000E-01 alpha=2.519117E+03
   QUADLS: f=1.433311E+00 m2=1.226204E+00 rms=   1.144854 lambda=1.000000E-01 alpha=2.133063E+02
Sufficient decrease condition satisfied, exiting line search
Completed NLCG iteration    60
     with: f=1.433311E+00 m2=1.226204E+00 rms=   1.144854 lambda=1.000000E-01 alpha=2.359911E+02
Starting line search...
  STARTLS: f=1.408411E+00 m2=1.229643E+00 rms=   1.133775 lambda=1.000000E-01 alpha=2.359911E+02
   QUADLS: f=1.400370E+00 m2=1.233275E+00 rms=   1.130063 lambda=1.000000E-01 alpha=4.805955E+02
Sufficient decrease condition satisfied, exiting line search
Completed NLCG iteration    61
     with: f=1.400370E+00 m2=1.233275E+00 rms=   1.130063 lambda=1.000000E-01 alpha=4.758120E+02
Starting line search...
  STARTLS: f=1.392079E+00 m2=1.231562E+00 rms=   1.126465 lambda=1.000000E-01 alpha=4.758120E+02
   QUADLS: f=1.388909E+00 m2=1.229942E+00 rms=   1.125129 lambda=1.000000E-01 alpha=9.393882E+02
Sufficient decrease condition satisfied, exiting line search
Completed NLCG iteration    62
     with: f=1.388909E+00 m2=1.229942E+00 rms=   1.125129 lambda=1.000000E-01 alpha=9.921664E+02
Starting line search...
  STARTLS: f=1.380433E+00 m2=1.233986E+00 rms=   1.121176 lambda=1.000000E-01 alpha=9.921664E+02
   QUADLS: f=1.378844E+00 m2=1.237576E+00 rms=   1.120306 lambda=1.000000E-01 alpha=1.849003E+03
Sufficient decrease condition satisfied, exiting line search
Completed NLCG iteration    63
     with: f=1.378844E+00 m2=1.237576E+00 rms=   1.120306 lambda=1.000000E-01 alpha=1.741441E+03
Starting line search...
  STARTLS: f=1.378712E+00 m2=1.267489E+00 rms=   1.118912 lambda=1.000000E-01 alpha=1.741441E+03
   QUADLS: f=1.372372E+00 m2=1.252395E+00 rms=   1.116751 lambda=1.000000E-01 alpha=8.749141E+02
Sufficient decrease condition satisfied, exiting line search
Completed NLCG iteration    64
     with: f=1.372372E+00 m2=1.252395E+00 rms=   1.116751 lambda=1.000000E-01 alpha=8.282114E+02
Starting line search...
  STARTLS: f=1.364663E+00 m2=1.258535E+00 rms=   1.113018 lambda=1.000000E-01 alpha=8.282114E+02
   QUADLS: f=1.362929E+00 m2=1.262580E+00 rms=   1.112057 lambda=1.000000E-01 alpha=1.364988E+03
Sufficient decrease condition satisfied, exiting line search
Completed NLCG iteration    65
     with: f=1.362929E+00 m2=1.262580E+00 rms=   1.112057 lambda=1.000000E-01 alpha=1.427626E+03
Starting line search...
  STARTLS: f=1.349267E+00 m2=1.282408E+00 rms=   1.105001 lambda=1.000000E-01 alpha=1.427626E+03
   QUADLS: f=1.348589E+00 m2=1.286278E+00 rms=   1.104519 lambda=1.000000E-01 alpha=1.699626E+03
Sufficient decrease condition satisfied, exiting line search
Completed NLCG iteration    66
     with: f=1.348589E+00 m2=1.286278E+00 rms=   1.104519 lambda=1.000000E-01 alpha=1.755682E+03
     Restarting NLCG to restore orthogonality
Starting line search...
  STARTLS: f=1.370351E+00 m2=1.307538E+00 rms=   1.113372 lambda=1.000000E-01 alpha=1.755682E+03
   QUADLS: f=1.341145E+00 m2=1.293399E+00 rms=   1.100820 lambda=1.000000E-01 alpha=5.937764E+02
Sufficient decrease condition satisfied, exiting line search
Completed NLCG iteration    67
     with: f=1.341145E+00 m2=1.293399E+00 rms=   1.100820 lambda=1.000000E-01 alpha=5.803794E+02
Starting line search...
  STARTLS: f=1.339124E+00 m2=1.296772E+00 rms=   1.099749 lambda=1.000000E-01 alpha=5.803794E+02
   QUADLS: f=1.338627E+00 m2=1.298322E+00 rms=   1.099452 lambda=1.000000E-01 alpha=8.462313E+02
Sufficient decrease condition satisfied, exiting line search
Completed NLCG iteration    68
     with: f=1.338627E+00 m2=1.298322E+00 rms=   1.099452 lambda=1.000000E-01 alpha=9.598174E+02
 The norm of the last gradient is 1.927365E-03
 The value of line search step alpha updated to 5.188430E+02
     Restarting NLCG with the damping parameter updated
       to: f=1.221778E+00 m2=1.298322E+00 rms=   1.099452 lambda=1.000000E-02 alpha=5.188430E+02
Starting line search...
  STARTLS: f=1.219847E+00 m2=1.299924E+00 rms=   1.098566 lambda=1.000000E-02 alpha=5.188430E+02
Quadratic has no minimum, exiting line search
Completed NLCG iteration    69
     with: f=1.219847E+00 m2=1.299924E+00 rms=   1.098566 lambda=1.000000E-02 alpha=1.050129E+03
 The norm of the last gradient is 1.689125E-03
 The value of line search step alpha updated to 5.920224E+02
     Restarting NLCG with the damping parameter updated
       to: f=1.208147E+00 m2=1.299924E+00 rms=   1.098566 lambda=1.000000E-03 alpha=5.920224E+02
Starting line search...
  STARTLS: f=1.206722E+00 m2=1.302383E+00 rms=   1.097916 lambda=1.000000E-03 alpha=5.920224E+02
   QUADLS: f=1.203049E+00 m2=1.307842E+00 rms=   1.096239 lambda=1.000000E-03 alpha=1.899437E+03
Sufficient decrease condition satisfied, exiting line search
Completed NLCG iteration    70
     with: f=1.203049E+00 m2=1.307842E+00 rms=   1.096239 lambda=1.000000E-03 alpha=3.609910E+03
Starting line search...
  STARTLS: f=1.201746E+00 m2=1.331212E+00 rms=   1.095635 lambda=1.000000E-03 alpha=3.609910E+03
   QUADLS: f=1.198844E+00 m2=1.320423E+00 rms=   1.094314 lambda=1.000000E-03 alpha=1.955653E+03
Sufficient decrease condition satisfied, exiting line search
Completed NLCG iteration    71
     with: f=1.198844E+00 m2=1.320423E+00 rms=   1.094314 lambda=1.000000E-03 alpha=1.814006E+03
 The norm of the last gradient is 4.076582E-03
 The value of line search step alpha updated to 2.453036E+02
     Restarting NLCG with the damping parameter updated
       to: f=1.197656E+00 m2=1.320423E+00 rms=   1.094314 lambda=1.000000E-04 alpha=2.453036E+02
Starting line search...
  STARTLS: f=1.194718E+00 m2=1.321529E+00 rms=   1.092971 lambda=1.000000E-04 alpha=2.453036E+02
   QUADLS: f=1.194114E+00 m2=1.322409E+00 rms=   1.092695 lambda=1.000000E-04 alpha=4.391916E+02
Sufficient decrease condition satisfied, exiting line search
Completed NLCG iteration    72
     with: f=1.194114E+00 m2=1.322409E+00 rms=   1.092695 lambda=1.000000E-04 alpha=4.304325E+02
 The norm of the last gradient is 1.744456E-03
 The value of line search step alpha updated to 5.732448E+02
     Restarting NLCG with the damping parameter updated
       to: f=1.193995E+00 m2=1.322409E+00 rms=   1.092695 lambda=1.000000E-05 alpha=5.732448E+02
Starting line search...
  STARTLS: f=1.192580E+00 m2=1.324191E+00 rms=   1.092047 lambda=1.000000E-05 alpha=5.732448E+02
   QUADLS: f=1.191704E+00 m2=1.327143E+00 rms=   1.091646 lambda=1.000000E-05 alpha=1.517843E+03
Sufficient decrease condition satisfied, exiting line search
Completed NLCG iteration    73
     with: f=1.191704E+00 m2=1.327143E+00 rms=   1.091646 lambda=1.000000E-05 alpha=1.521110E+03
 The norm of the last gradient is 3.145622E-03
 The value of line search step alpha updated to 3.179021E+02
     Restarting NLCG with the damping parameter updated
       to: f=1.191692E+00 m2=1.327143E+00 rms=   1.091646 lambda=1.000000E-06 alpha=3.179021E+02
Starting line search...
  STARTLS: f=1.189619E+00 m2=1.328845E+00 rms=   1.090696 lambda=1.000000E-06 alpha=3.179021E+02
   QUADLS: f=1.189395E+00 m2=1.329640E+00 rms=   1.090593 lambda=1.000000E-06 alpha=4.659374E+02
Sufficient decrease condition satisfied, exiting line search
Completed NLCG iteration    74
     with: f=1.189395E+00 m2=1.329640E+00 rms=   1.090593 lambda=1.000000E-06 alpha=4.688147E+02
 The norm of the last gradient is 1.727631E-03
 The value of line search step alpha updated to 5.788273E+02
     Restarting NLCG with the damping parameter updated
       to: f=1.189394E+00 m2=1.329640E+00 rms=   1.090593 lambda=1.000000E-07 alpha=5.788273E+02
Starting line search...
  STARTLS: f=1.187922E+00 m2=1.331480E+00 rms=   1.089918 lambda=1.000000E-07 alpha=5.788273E+02
   QUADLS: f=1.187587E+00 m2=1.335890E+00 rms=   1.089764 lambda=1.000000E-07 alpha=1.955875E+03
Sufficient decrease condition satisfied, exiting line search
Completed NLCG iteration    75
     with: f=1.187587E+00 m2=1.335890E+00 rms=   1.089764 lambda=1.000000E-07 alpha=1.223288E+03
 The norm of the last gradient is 4.220725E-03
 The value of line search step alpha updated to 2.369261E+02
     Restarting NLCG with the damping parameter updated
       to: f=1.187587E+00 m2=1.335890E+00 rms=   1.089764 lambda=1.000000E-08 alpha=2.369261E+02
Starting line search...
  STARTLS: f=1.184612E+00 m2=1.337218E+00 rms=   1.088399 lambda=1.000000E-08 alpha=2.369261E+02
   QUADLS: f=1.183932E+00 m2=1.338144E+00 rms=   1.088086 lambda=1.000000E-08 alpha=4.014108E+02
Sufficient decrease condition satisfied, exiting line search
Completed NLCG iteration    76
     with: f=1.183932E+00 m2=1.338144E+00 rms=   1.088086 lambda=1.000000E-08 alpha=4.143778E+02
 The norm of the last gradient is 1.556047E-03
 The value of line search step alpha updated to 6.426542E+02
       Unable to get out of a local minimum. Exiting...
